d:\workspace\qgis\qgis-pure\output\data\svg\accommodation\accommodation_alpinehut.svg
d:\workspace\qgis\qgis-pure\output\data\svg\accommodation\accommodation_bed_and_breakfast.svg
d:\workspace\qgis\qgis-pure\output\data\svg\accommodation\accommodation_camping.svg
d:\workspace\qgis\qgis-pure\output\data\svg\accommodation\accommodation_caravan_park.svg
d:\workspace\qgis\qgis-pure\output\data\svg\accommodation\accommodation_hotel.svg
d:\workspace\qgis\qgis-pure\output\data\svg\accommodation\accommodation_hotel2.svg
d:\workspace\qgis\qgis-pure\output\data\svg\accommodation\accommodation_house.svg
d:\workspace\qgis\qgis-pure\output\data\svg\accommodation\accommodation_shelter.svg
d:\workspace\qgis\qgis-pure\output\data\svg\accommodation\accommodation_shelter2.svg
d:\workspace\qgis\qgis-pure\output\data\svg\accommodation\accommodation_youth_hostel.svg
d:\workspace\qgis\qgis-pure\output\data\svg\amenity\amenity_bench.svg
d:\workspace\qgis\qgis-pure\output\data\svg\amenity\amenity_court.svg
d:\workspace\qgis\qgis-pure\output\data\svg\amenity\amenity_firestation.svg
d:\workspace\qgis\qgis-pure\output\data\svg\amenity\amenity_firestation2.svg
d:\workspace\qgis\qgis-pure\output\data\svg\amenity\amenity_firestation3.svg
d:\workspace\qgis\qgis-pure\output\data\svg\amenity\amenity_fountain.svg
d:\workspace\qgis\qgis-pure\output\data\svg\amenity\amenity_information.svg
d:\workspace\qgis\qgis-pure\output\data\svg\amenity\amenity_library.svg
d:\workspace\qgis\qgis-pure\output\data\svg\amenity\amenity_police.svg
d:\workspace\qgis\qgis-pure\output\data\svg\amenity\amenity_police2.svg
d:\workspace\qgis\qgis-pure\output\data\svg\amenity\amenity_post_box.svg
d:\workspace\qgis\qgis-pure\output\data\svg\amenity\amenity_post_office.svg
d:\workspace\qgis\qgis-pure\output\data\svg\amenity\amenity_prison.svg
d:\workspace\qgis\qgis-pure\output\data\svg\amenity\amenity_recycling.svg
d:\workspace\qgis\qgis-pure\output\data\svg\amenity\amenity_survey_point.svg
d:\workspace\qgis\qgis-pure\output\data\svg\amenity\amenity_telephone.svg
d:\workspace\qgis\qgis-pure\output\data\svg\amenity\amenity_toilets.svg
d:\workspace\qgis\qgis-pure\output\data\svg\amenity\amenity_toilets_disabled.svg
d:\workspace\qgis\qgis-pure\output\data\svg\amenity\amenity_toilets_men.svg
d:\workspace\qgis\qgis-pure\output\data\svg\amenity\amenity_toilets_women.svg
d:\workspace\qgis\qgis-pure\output\data\svg\amenity\amenity_waste_bin.svg
d:\workspace\qgis\qgis-pure\output\data\svg\arrows\arrow_01.svg
d:\workspace\qgis\qgis-pure\output\data\svg\arrows\arrow_02.svg
d:\workspace\qgis\qgis-pure\output\data\svg\arrows\arrow_03.svg
d:\workspace\qgis\qgis-pure\output\data\svg\arrows\arrow_04.svg
d:\workspace\qgis\qgis-pure\output\data\svg\arrows\arrow_05.svg
d:\workspace\qgis\qgis-pure\output\data\svg\arrows\arrow_06.svg
d:\workspace\qgis\qgis-pure\output\data\svg\arrows\northarrow_01.svg
d:\workspace\qgis\qgis-pure\output\data\svg\arrows\northarrow_02.svg
d:\workspace\qgis\qgis-pure\output\data\svg\arrows\northarrow_03.svg
d:\workspace\qgis\qgis-pure\output\data\svg\arrows\northarrow_04.svg
d:\workspace\qgis\qgis-pure\output\data\svg\arrows\northarrow_05.svg
d:\workspace\qgis\qgis-pure\output\data\svg\arrows\northarrow_06.svg
d:\workspace\qgis\qgis-pure\output\data\svg\arrows\northarrow_07.svg
d:\workspace\qgis\qgis-pure\output\data\svg\arrows\northarrow_08.svg
d:\workspace\qgis\qgis-pure\output\data\svg\arrows\northarrow_09.svg
d:\workspace\qgis\qgis-pure\output\data\svg\arrows\northarrow_10.svg
d:\workspace\qgis\qgis-pure\output\data\svg\arrows\northarrow_11.svg
d:\workspace\qgis\qgis-pure\output\data\svg\backgrounds\background_circle.svg
d:\workspace\qgis\qgis-pure\output\data\svg\backgrounds\background_forbidden.svg
d:\workspace\qgis\qgis-pure\output\data\svg\backgrounds\background_octogon.svg
d:\workspace\qgis\qgis-pure\output\data\svg\backgrounds\background_safety.svg
d:\workspace\qgis\qgis-pure\output\data\svg\backgrounds\background_security.svg
d:\workspace\qgis\qgis-pure\output\data\svg\backgrounds\background_security_02.svg
d:\workspace\qgis\qgis-pure\output\data\svg\backgrounds\background_square.svg
d:\workspace\qgis\qgis-pure\output\data\svg\backgrounds\background_square_rounded.svg
d:\workspace\qgis\qgis-pure\output\data\svg\backgrounds\background_tilted_square.svg
d:\workspace\qgis\qgis-pure\output\data\svg\backgrounds\background_tilted_square_rounded.svg
d:\workspace\qgis\qgis-pure\output\data\svg\backgrounds\background_triangle.svg
d:\workspace\qgis\qgis-pure\output\data\svg\components\component_indoor.svg
d:\workspace\qgis\qgis-pure\output\data\svg\crosses\cross1.svg
d:\workspace\qgis\qgis-pure\output\data\svg\crosses\cross2.svg
d:\workspace\qgis\qgis-pure\output\data\svg\crosses\cross4.svg
d:\workspace\qgis\qgis-pure\output\data\svg\crosses\cross5.svg
d:\workspace\qgis\qgis-pure\output\data\svg\crosses\cross6.svg
d:\workspace\qgis\qgis-pure\output\data\svg\crosses\star1.svg
d:\workspace\qgis\qgis-pure\output\data\svg\crosses\star2.svg
d:\workspace\qgis\qgis-pure\output\data\svg\crosses\star3.svg
d:\workspace\qgis\qgis-pure\output\data\svg\emergency\amenity=fire_station.svg
d:\workspace\qgis\qgis-pure\output\data\svg\emergency\amenity=hospital.svg
d:\workspace\qgis\qgis-pure\output\data\svg\emergency\amenity=police.svg
d:\workspace\qgis\qgis-pure\output\data\svg\entertainment\amenity=bar.svg
d:\workspace\qgis\qgis-pure\output\data\svg\entertainment\amenity=cafe.svg
d:\workspace\qgis\qgis-pure\output\data\svg\entertainment\amenity=cinema.svg
d:\workspace\qgis\qgis-pure\output\data\svg\entertainment\amenity=fast_food.svg
d:\workspace\qgis\qgis-pure\output\data\svg\entertainment\amenity=pub.svg
d:\workspace\qgis\qgis-pure\output\data\svg\entertainment\amenity=restaurant.svg
d:\workspace\qgis\qgis-pure\output\data\svg\entertainment\amenity=theatre.svg
d:\workspace\qgis\qgis-pure\output\data\svg\food\food_bar.svg
d:\workspace\qgis\qgis-pure\output\data\svg\food\food_cafe.svg
d:\workspace\qgis\qgis-pure\output\data\svg\food\food_drinkingtap.svg
d:\workspace\qgis\qgis-pure\output\data\svg\food\food_fastfood.svg
d:\workspace\qgis\qgis-pure\output\data\svg\food\food_fastfood2.svg
d:\workspace\qgis\qgis-pure\output\data\svg\food\food_pub.svg
d:\workspace\qgis\qgis-pure\output\data\svg\food\food_restaurant.svg
d:\workspace\qgis\qgis-pure\output\data\svg\gpsicons\anchor.svg
d:\workspace\qgis\qgis-pure\output\data\svg\gpsicons\bank.svg
d:\workspace\qgis\qgis-pure\output\data\svg\gpsicons\boat.svg
d:\workspace\qgis\qgis-pure\output\data\svg\gpsicons\camera.svg
d:\workspace\qgis\qgis-pure\output\data\svg\gpsicons\car.svg
d:\workspace\qgis\qgis-pure\output\data\svg\gpsicons\city_building.svg
d:\workspace\qgis\qgis-pure\output\data\svg\gpsicons\city_large.svg
d:\workspace\qgis\qgis-pure\output\data\svg\gpsicons\city_medium.svg
d:\workspace\qgis\qgis-pure\output\data\svg\gpsicons\city_small.svg
d:\workspace\qgis\qgis-pure\output\data\svg\gpsicons\conveneince.svg
d:\workspace\qgis\qgis-pure\output\data\svg\gpsicons\couple.svg
d:\workspace\qgis\qgis-pure\output\data\svg\gpsicons\cross.svg
d:\workspace\qgis\qgis-pure\output\data\svg\gpsicons\deer.svg
d:\workspace\qgis\qgis-pure\output\data\svg\gpsicons\dollar.svg
d:\workspace\qgis\qgis-pure\output\data\svg\gpsicons\fish.svg
d:\workspace\qgis\qgis-pure\output\data\svg\gpsicons\flag.svg
d:\workspace\qgis\qgis-pure\output\data\svg\gpsicons\food.svg
d:\workspace\qgis\qgis-pure\output\data\svg\gpsicons\gas.svg
d:\workspace\qgis\qgis-pure\output\data\svg\gpsicons\golf.svg
d:\workspace\qgis\qgis-pure\output\data\svg\gpsicons\h.svg
d:\workspace\qgis\qgis-pure\output\data\svg\gpsicons\house.svg
d:\workspace\qgis\qgis-pure\output\data\svg\gpsicons\parachute.svg
d:\workspace\qgis\qgis-pure\output\data\svg\gpsicons\parking.svg
d:\workspace\qgis\qgis-pure\output\data\svg\gpsicons\phone.svg
d:\workspace\qgis\qgis-pure\output\data\svg\gpsicons\plane.svg
d:\workspace\qgis\qgis-pure\output\data\svg\gpsicons\plane_orange.svg
d:\workspace\qgis\qgis-pure\output\data\svg\gpsicons\point.svg
d:\workspace\qgis\qgis-pure\output\data\svg\gpsicons\question.svg
d:\workspace\qgis\qgis-pure\output\data\svg\gpsicons\shipwreck.svg
d:\workspace\qgis\qgis-pure\output\data\svg\gpsicons\skier.svg
d:\workspace\qgis\qgis-pure\output\data\svg\gpsicons\skull.svg
d:\workspace\qgis\qgis-pure\output\data\svg\gpsicons\swimmer.svg
d:\workspace\qgis\qgis-pure\output\data\svg\gpsicons\table.svg
d:\workspace\qgis\qgis-pure\output\data\svg\gpsicons\teepee.svg
d:\workspace\qgis\qgis-pure\output\data\svg\gpsicons\tree.svg
d:\workspace\qgis\qgis-pure\output\data\svg\gpsicons\walker.svg
d:\workspace\qgis\qgis-pure\output\data\svg\gpsicons\waypoint.svg
d:\workspace\qgis\qgis-pure\output\data\svg\health\health_dentist.svg
d:\workspace\qgis\qgis-pure\output\data\svg\health\health_doctors.svg
d:\workspace\qgis\qgis-pure\output\data\svg\health\health_hospital.svg
d:\workspace\qgis\qgis-pure\output\data\svg\health\health_hospital_emergency.svg
d:\workspace\qgis\qgis-pure\output\data\svg\health\health_hospital_emergency2.svg
d:\workspace\qgis\qgis-pure\output\data\svg\health\health_opticians.svg
d:\workspace\qgis\qgis-pure\output\data\svg\health\health_pharmacy.svg
d:\workspace\qgis\qgis-pure\output\data\svg\health\health_veterinary.svg
d:\workspace\qgis\qgis-pure\output\data\svg\landmark\amenity=place_of_worship.svg
d:\workspace\qgis\qgis-pure\output\data\svg\landmark\amenity=school.svg
d:\workspace\qgis\qgis-pure\output\data\svg\landmark\religion=buddhist.svg
d:\workspace\qgis\qgis-pure\output\data\svg\landmark\religion=christian.svg
d:\workspace\qgis\qgis-pure\output\data\svg\landmark\religion=hindu.svg
d:\workspace\qgis\qgis-pure\output\data\svg\landmark\religion=jewish.svg
d:\workspace\qgis\qgis-pure\output\data\svg\landmark\religion=muslim.svg
d:\workspace\qgis\qgis-pure\output\data\svg\landmark\religion=pastafarian.svg
d:\workspace\qgis\qgis-pure\output\data\svg\landmark\religion=sikh.svg
d:\workspace\qgis\qgis-pure\output\data\svg\landmark\tourism=museum.svg
d:\workspace\qgis\qgis-pure\output\data\svg\money\money_atm.svg
d:\workspace\qgis\qgis-pure\output\data\svg\money\money_atm2.svg
d:\workspace\qgis\qgis-pure\output\data\svg\money\money_bank2.svg
d:\workspace\qgis\qgis-pure\output\data\svg\money\money_currency_exchange.svg
d:\workspace\qgis\qgis-pure\output\data\svg\religion\place_of_worship.svg
d:\workspace\qgis\qgis-pure\output\data\svg\religion\place_of_worship_bahai.svg
d:\workspace\qgis\qgis-pure\output\data\svg\religion\place_of_worship_bahai3.svg
d:\workspace\qgis\qgis-pure\output\data\svg\religion\place_of_worship_buddhist.svg
d:\workspace\qgis\qgis-pure\output\data\svg\religion\place_of_worship_buddhist3.svg
d:\workspace\qgis\qgis-pure\output\data\svg\religion\place_of_worship_christian.svg
d:\workspace\qgis\qgis-pure\output\data\svg\religion\place_of_worship_christian3.svg
d:\workspace\qgis\qgis-pure\output\data\svg\religion\place_of_worship_hindu.svg
d:\workspace\qgis\qgis-pure\output\data\svg\religion\place_of_worship_hindu3.svg
d:\workspace\qgis\qgis-pure\output\data\svg\religion\place_of_worship_islamic.svg
d:\workspace\qgis\qgis-pure\output\data\svg\religion\place_of_worship_islamic3.svg
d:\workspace\qgis\qgis-pure\output\data\svg\religion\place_of_worship_jain.svg
d:\workspace\qgis\qgis-pure\output\data\svg\religion\place_of_worship_jain3.svg
d:\workspace\qgis\qgis-pure\output\data\svg\religion\place_of_worship_jewish.svg
d:\workspace\qgis\qgis-pure\output\data\svg\religion\place_of_worship_jewish3.svg
d:\workspace\qgis\qgis-pure\output\data\svg\religion\place_of_worship_pastafarian.svg
d:\workspace\qgis\qgis-pure\output\data\svg\religion\place_of_worship_shinto.svg
d:\workspace\qgis\qgis-pure\output\data\svg\religion\place_of_worship_shinto3.svg
d:\workspace\qgis\qgis-pure\output\data\svg\religion\place_of_worship_sikh.svg
d:\workspace\qgis\qgis-pure\output\data\svg\religion\place_of_worship_sikh3.svg
d:\workspace\qgis\qgis-pure\output\data\svg\religion\place_of_worship_unknown3.svg
d:\workspace\qgis\qgis-pure\output\data\svg\services\amenity=atm.svg
d:\workspace\qgis\qgis-pure\output\data\svg\services\amenity=pharmacy,dispensing=yes.svg
d:\workspace\qgis\qgis-pure\output\data\svg\services\amenity=pharmacy.svg
d:\workspace\qgis\qgis-pure\output\data\svg\services\amenity=post_box.svg
d:\workspace\qgis\qgis-pure\output\data\svg\services\amenity=recycling.svg
d:\workspace\qgis\qgis-pure\output\data\svg\services\amenity=telephone.svg
d:\workspace\qgis\qgis-pure\output\data\svg\services\shop=convenience.svg
d:\workspace\qgis\qgis-pure\output\data\svg\services\shop=supermarket.svg
d:\workspace\qgis\qgis-pure\output\data\svg\services\tourism=hotel.svg
d:\workspace\qgis\qgis-pure\output\data\svg\shopping\shopping_alcohol.svg
d:\workspace\qgis\qgis-pure\output\data\svg\shopping\shopping_bakery.svg
d:\workspace\qgis\qgis-pure\output\data\svg\shopping\shopping_bicycle.svg
d:\workspace\qgis\qgis-pure\output\data\svg\shopping\shopping_book.svg
d:\workspace\qgis\qgis-pure\output\data\svg\shopping\shopping_butcher.svg
d:\workspace\qgis\qgis-pure\output\data\svg\shopping\shopping_car.svg
d:\workspace\qgis\qgis-pure\output\data\svg\shopping\shopping_car_repair.svg
d:\workspace\qgis\qgis-pure\output\data\svg\shopping\shopping_clothes.svg
d:\workspace\qgis\qgis-pure\output\data\svg\shopping\shopping_confectionery.svg
d:\workspace\qgis\qgis-pure\output\data\svg\shopping\shopping_convenience.svg
d:\workspace\qgis\qgis-pure\output\data\svg\shopping\shopping_diy.svg
d:\workspace\qgis\qgis-pure\output\data\svg\shopping\shopping_estateagent.svg
d:\workspace\qgis\qgis-pure\output\data\svg\shopping\shopping_estateagent2.svg
d:\workspace\qgis\qgis-pure\output\data\svg\shopping\shopping_fish.svg
d:\workspace\qgis\qgis-pure\output\data\svg\shopping\shopping_garden_centre.svg
d:\workspace\qgis\qgis-pure\output\data\svg\shopping\shopping_gift.svg
d:\workspace\qgis\qgis-pure\output\data\svg\shopping\shopping_greengrocer.svg
d:\workspace\qgis\qgis-pure\output\data\svg\shopping\shopping_hairdresser.svg
d:\workspace\qgis\qgis-pure\output\data\svg\shopping\shopping_hifi.svg
d:\workspace\qgis\qgis-pure\output\data\svg\shopping\shopping_jewelry.svg
d:\workspace\qgis\qgis-pure\output\data\svg\shopping\shopping_laundrette.svg
d:\workspace\qgis\qgis-pure\output\data\svg\shopping\shopping_mobile_phone.svg
d:\workspace\qgis\qgis-pure\output\data\svg\shopping\shopping_motorcycle.svg
d:\workspace\qgis\qgis-pure\output\data\svg\shopping\shopping_music.svg
d:\workspace\qgis\qgis-pure\output\data\svg\shopping\shopping_pet.svg
d:\workspace\qgis\qgis-pure\output\data\svg\shopping\shopping_pet2.svg
d:\workspace\qgis\qgis-pure\output\data\svg\shopping\shopping_photo.svg
d:\workspace\qgis\qgis-pure\output\data\svg\shopping\shopping_supermarket.svg
d:\workspace\qgis\qgis-pure\output\data\svg\shopping\shopping_tackle.svg
d:\workspace\qgis\qgis-pure\output\data\svg\shopping\shopping_video_rental.svg
d:\workspace\qgis\qgis-pure\output\data\svg\sport\sport_archery.svg
d:\workspace\qgis\qgis-pure\output\data\svg\sport\sport_baseball.svg
d:\workspace\qgis\qgis-pure\output\data\svg\sport\sport_cricket.svg
d:\workspace\qgis\qgis-pure\output\data\svg\sport\sport_diving.svg
d:\workspace\qgis\qgis-pure\output\data\svg\sport\sport_golf.svg
d:\workspace\qgis\qgis-pure\output\data\svg\sport\sport_gym.svg
d:\workspace\qgis\qgis-pure\output\data\svg\sport\sport_gymnasium.svg
d:\workspace\qgis\qgis-pure\output\data\svg\sport\sport_gymnasium2.svg
d:\workspace\qgis\qgis-pure\output\data\svg\sport\sport_hillclimbing.svg
d:\workspace\qgis\qgis-pure\output\data\svg\sport\sport_horse_racing.svg
d:\workspace\qgis\qgis-pure\output\data\svg\sport\sport_iceskating.svg
d:\workspace\qgis\qgis-pure\output\data\svg\sport\sport_jetski.svg
d:\workspace\qgis\qgis-pure\output\data\svg\sport\sport_leisure_centre.svg
d:\workspace\qgis\qgis-pure\output\data\svg\sport\sport_motorracing.svg
d:\workspace\qgis\qgis-pure\output\data\svg\sport\sport_playground.svg
d:\workspace\qgis\qgis-pure\output\data\svg\sport\sport_sailing.svg
d:\workspace\qgis\qgis-pure\output\data\svg\sport\sport_skiing_crosscountry.svg
d:\workspace\qgis\qgis-pure\output\data\svg\sport\sport_skiing_downhill.svg
d:\workspace\qgis\qgis-pure\output\data\svg\sport\sport_snooker.svg
d:\workspace\qgis\qgis-pure\output\data\svg\sport\sport_soccer.svg
d:\workspace\qgis\qgis-pure\output\data\svg\sport\sport_swimming_indoor.svg
d:\workspace\qgis\qgis-pure\output\data\svg\sport\sport_swimming_outdoor.svg
d:\workspace\qgis\qgis-pure\output\data\svg\sport\sport_tennis.svg
d:\workspace\qgis\qgis-pure\output\data\svg\sport\sport_windsurfing.svg
d:\workspace\qgis\qgis-pure\output\data\svg\symbol\blue-marker.svg
d:\workspace\qgis\qgis-pure\output\data\svg\symbol\disability_accessibility.svg
d:\workspace\qgis\qgis-pure\output\data\svg\symbol\disability_accessibility2.svg
d:\workspace\qgis\qgis-pure\output\data\svg\symbol\disability_lowvision.svg
d:\workspace\qgis\qgis-pure\output\data\svg\symbol\education_nursery.svg
d:\workspace\qgis\qgis-pure\output\data\svg\symbol\education_school.svg
d:\workspace\qgis\qgis-pure\output\data\svg\symbol\education_university.svg
d:\workspace\qgis\qgis-pure\output\data\svg\symbol\fountain.svg
d:\workspace\qgis\qgis-pure\output\data\svg\symbol\landuse_coniferous.svg
d:\workspace\qgis\qgis-pure\output\data\svg\symbol\landuse_coniferous_and_deciduous.svg
d:\workspace\qgis\qgis-pure\output\data\svg\symbol\landuse_deciduous.svg
d:\workspace\qgis\qgis-pure\output\data\svg\symbol\landuse_grass.svg
d:\workspace\qgis\qgis-pure\output\data\svg\symbol\landuse_hills.svg
d:\workspace\qgis\qgis-pure\output\data\svg\symbol\landuse_quary.svg
d:\workspace\qgis\qgis-pure\output\data\svg\symbol\landuse_scrub.svg
d:\workspace\qgis\qgis-pure\output\data\svg\symbol\landuse_swamp.svg
d:\workspace\qgis\qgis-pure\output\data\svg\symbol\poi_boundary_administrative.svg
d:\workspace\qgis\qgis-pure\output\data\svg\symbol\poi_cave.svg
d:\workspace\qgis\qgis-pure\output\data\svg\symbol\poi_embassy.svg
d:\workspace\qgis\qgis-pure\output\data\svg\symbol\poi_embassy2.svg
d:\workspace\qgis\qgis-pure\output\data\svg\symbol\poi_military_bunker.svg
d:\workspace\qgis\qgis-pure\output\data\svg\symbol\poi_mine.svg
d:\workspace\qgis\qgis-pure\output\data\svg\symbol\poi_mine_abandoned.svg
d:\workspace\qgis\qgis-pure\output\data\svg\symbol\poi_peak.svg
d:\workspace\qgis\qgis-pure\output\data\svg\symbol\poi_place_city.svg
d:\workspace\qgis\qgis-pure\output\data\svg\symbol\poi_place_town.svg
d:\workspace\qgis\qgis-pure\output\data\svg\symbol\poi_place_village.svg
d:\workspace\qgis\qgis-pure\output\data\svg\symbol\poi_point_of_interest.svg
d:\workspace\qgis\qgis-pure\output\data\svg\symbol\poi_tower_communications.svg
d:\workspace\qgis\qgis-pure\output\data\svg\symbol\poi_tower_power.svg
d:\workspace\qgis\qgis-pure\output\data\svg\symbol\poi_tower_water.svg
d:\workspace\qgis\qgis-pure\output\data\svg\symbol\red-marker.svg
d:\workspace\qgis\qgis-pure\output\data\svg\symbol\water_tower.svg
d:\workspace\qgis\qgis-pure\output\data\svg\tourist\tourist_archaeological.svg
d:\workspace\qgis\qgis-pure\output\data\svg\tourist\tourist_archaeological2.svg
d:\workspace\qgis\qgis-pure\output\data\svg\tourist\tourist_art_gallery.svg
d:\workspace\qgis\qgis-pure\output\data\svg\tourist\tourist_art_gallery2.svg
d:\workspace\qgis\qgis-pure\output\data\svg\tourist\tourist_battlefield.svg
d:\workspace\qgis\qgis-pure\output\data\svg\tourist\tourist_beach.svg
d:\workspace\qgis\qgis-pure\output\data\svg\tourist\tourist_casino.svg
d:\workspace\qgis\qgis-pure\output\data\svg\tourist\tourist_castle.svg
d:\workspace\qgis\qgis-pure\output\data\svg\tourist\tourist_cinema.svg
d:\workspace\qgis\qgis-pure\output\data\svg\tourist\tourist_cinema2.svg
d:\workspace\qgis\qgis-pure\output\data\svg\tourist\tourist_fountain.svg
d:\workspace\qgis\qgis-pure\output\data\svg\tourist\tourist_memorial.svg
d:\workspace\qgis\qgis-pure\output\data\svg\tourist\tourist_monument.svg
d:\workspace\qgis\qgis-pure\output\data\svg\tourist\tourist_museum.svg
d:\workspace\qgis\qgis-pure\output\data\svg\tourist\tourist_picnic.svg
d:\workspace\qgis\qgis-pure\output\data\svg\tourist\tourist_ruin.svg
d:\workspace\qgis\qgis-pure\output\data\svg\tourist\tourist_steam_train.svg
d:\workspace\qgis\qgis-pure\output\data\svg\tourist\tourist_theatre.svg
d:\workspace\qgis\qgis-pure\output\data\svg\tourist\tourist_view_point.svg
d:\workspace\qgis\qgis-pure\output\data\svg\tourist\tourist_waterwheel.svg
d:\workspace\qgis\qgis-pure\output\data\svg\tourist\tourist_windmill.svg
d:\workspace\qgis\qgis-pure\output\data\svg\tourist\tourist_wreck.svg
d:\workspace\qgis\qgis-pure\output\data\svg\tourist\tourist_zoo.svg
d:\workspace\qgis\qgis-pure\output\data\svg\tourist\tourisum_fountain.svg
d:\workspace\qgis\qgis-pure\output\data\svg\transport\amenity=airport.svg
d:\workspace\qgis\qgis-pure\output\data\svg\transport\amenity=ferry_terminal.svg
d:\workspace\qgis\qgis-pure\output\data\svg\transport\amenity=parking.svg
d:\workspace\qgis\qgis-pure\output\data\svg\transport\amenity=taxi.svg
d:\workspace\qgis\qgis-pure\output\data\svg\transport\barrier_bollard.svg
d:\workspace\qgis\qgis-pure\output\data\svg\transport\barrier_enterance.svg
d:\workspace\qgis\qgis-pure\output\data\svg\transport\barrier_gate.svg
d:\workspace\qgis\qgis-pure\output\data\svg\transport\barrier_lift_gate.svg
d:\workspace\qgis\qgis-pure\output\data\svg\transport\barrier_stile.svg
d:\workspace\qgis\qgis-pure\output\data\svg\transport\barrier_toll_booth.svg
d:\workspace\qgis\qgis-pure\output\data\svg\transport\highway=bus_stop.svg
d:\workspace\qgis\qgis-pure\output\data\svg\transport\railway=station.svg
d:\workspace\qgis\qgis-pure\output\data\svg\transport\transport_aerodrome.svg
d:\workspace\qgis\qgis-pure\output\data\svg\transport\transport_aerodrome2.svg
d:\workspace\qgis\qgis-pure\output\data\svg\transport\transport_airport.svg
d:\workspace\qgis\qgis-pure\output\data\svg\transport\transport_airport2.svg
d:\workspace\qgis\qgis-pure\output\data\svg\transport\transport_bus_station.svg
d:\workspace\qgis\qgis-pure\output\data\svg\transport\transport_bus_stop.svg
d:\workspace\qgis\qgis-pure\output\data\svg\transport\transport_bus_stop2.svg
d:\workspace\qgis\qgis-pure\output\data\svg\transport\transport_car_share.svg
d:\workspace\qgis\qgis-pure\output\data\svg\transport\transport_ford.svg
d:\workspace\qgis\qgis-pure\output\data\svg\transport\transport_fuel.svg
d:\workspace\qgis\qgis-pure\output\data\svg\transport\transport_fuel_lpg.svg
d:\workspace\qgis\qgis-pure\output\data\svg\transport\transport_helicopter.svg
d:\workspace\qgis\qgis-pure\output\data\svg\transport\transport_lighthouse.svg
d:\workspace\qgis\qgis-pure\output\data\svg\transport\transport_marina.svg
d:\workspace\qgis\qgis-pure\output\data\svg\transport\transport_parking.svg
d:\workspace\qgis\qgis-pure\output\data\svg\transport\transport_parking_bicycle.svg
d:\workspace\qgis\qgis-pure\output\data\svg\transport\transport_parking_car.svg
d:\workspace\qgis\qgis-pure\output\data\svg\transport\transport_parking_car_paid.svg
d:\workspace\qgis\qgis-pure\output\data\svg\transport\transport_parking_disabled.svg
d:\workspace\qgis\qgis-pure\output\data\svg\transport\transport_parking_private.svg
d:\workspace\qgis\qgis-pure\output\data\svg\transport\transport_parking_private2.svg
d:\workspace\qgis\qgis-pure\output\data\svg\transport\transport_parking_private3.svg
d:\workspace\qgis\qgis-pure\output\data\svg\transport\transport_port.svg
d:\workspace\qgis\qgis-pure\output\data\svg\transport\transport_rental_bicycle.svg
d:\workspace\qgis\qgis-pure\output\data\svg\transport\transport_rental_car.svg
d:\workspace\qgis\qgis-pure\output\data\svg\transport\transport_roundabout_anticlockwise.svg
d:\workspace\qgis\qgis-pure\output\data\svg\transport\transport_roundabout_clockwise.svg
d:\workspace\qgis\qgis-pure\output\data\svg\transport\transport_taxi_rank.svg
d:\workspace\qgis\qgis-pure\output\data\svg\transport\transport_traffic_lights.svg
d:\workspace\qgis\qgis-pure\output\data\svg\transport\transport_train_station.svg
d:\workspace\qgis\qgis-pure\output\data\svg\transport\transport_train_station2.svg
d:\workspace\qgis\qgis-pure\output\data\svg\transport\transport_tram_stop.svg
d:\workspace\qgis\qgis-pure\output\data\svg\wind_roses\windrose_01.svg
d:\workspace\qgis\qgis-pure\output\data\svg\wind_roses\windrose_02.svg
d:\workspace\qgis\qgis-pure\images\svg\cmakefiles\svg
d:\workspace\qgis\qgis-pure\images\svg\cmakefiles\generate.stamp
d:\workspace\qgis\qgis-pure\images\svg\x64\debug\svg\svg.tlog\custombuild.command.1.tlog
d:\workspace\qgis\qgis-pure\images\svg\x64\debug\svg\svg.tlog\custombuild.read.1.tlog
d:\workspace\qgis\qgis-pure\images\svg\x64\debug\svg\svg.tlog\custombuild.write.1.tlog
