D:\Program Files (x86)\Microsoft Visual Studio\2017\Community\MSBuild\15.0\Bin\Microsoft.Common.CurrentVersion.targets(1879,5): warning : The referenced project 'D:\Workspace\qgis\qgis-pure\ZERO_CHECK.vcxproj' does not exist.
  Generating ../../output/data/svg/accommodation/accommodation_alpinehut.svg
  Generating ../../output/data/svg/accommodation/accommodation_bed_and_breakfast.svg
  Generating ../../output/data/svg/accommodation/accommodation_camping.svg
  Generating ../../output/data/svg/accommodation/accommodation_caravan_park.svg
  Generating ../../output/data/svg/accommodation/accommodation_hotel.svg
  Generating ../../output/data/svg/accommodation/accommodation_hotel2.svg
  Generating ../../output/data/svg/accommodation/accommodation_house.svg
  Generating ../../output/data/svg/accommodation/accommodation_shelter.svg
  Generating ../../output/data/svg/accommodation/accommodation_shelter2.svg
  Generating ../../output/data/svg/accommodation/accommodation_youth_hostel.svg
  Generating ../../output/data/svg/amenity/amenity_bench.svg
  Generating ../../output/data/svg/amenity/amenity_court.svg
  Generating ../../output/data/svg/amenity/amenity_firestation.svg
  Generating ../../output/data/svg/amenity/amenity_firestation2.svg
  Generating ../../output/data/svg/amenity/amenity_firestation3.svg
  Generating ../../output/data/svg/amenity/amenity_fountain.svg
  Generating ../../output/data/svg/amenity/amenity_information.svg
  Generating ../../output/data/svg/amenity/amenity_library.svg
  Generating ../../output/data/svg/amenity/amenity_police.svg
  Generating ../../output/data/svg/amenity/amenity_police2.svg
  Generating ../../output/data/svg/amenity/amenity_post_box.svg
  Generating ../../output/data/svg/amenity/amenity_post_office.svg
  Generating ../../output/data/svg/amenity/amenity_prison.svg
  Generating ../../output/data/svg/amenity/amenity_recycling.svg
  Generating ../../output/data/svg/amenity/amenity_survey_point.svg
  Generating ../../output/data/svg/amenity/amenity_telephone.svg
  Generating ../../output/data/svg/amenity/amenity_toilets.svg
  Generating ../../output/data/svg/amenity/amenity_toilets_disabled.svg
  Generating ../../output/data/svg/amenity/amenity_toilets_men.svg
  Generating ../../output/data/svg/amenity/amenity_toilets_women.svg
  Generating ../../output/data/svg/amenity/amenity_waste_bin.svg
  Generating ../../output/data/svg/arrows/Arrow_01.svg
  Generating ../../output/data/svg/arrows/Arrow_02.svg
  Generating ../../output/data/svg/arrows/Arrow_03.svg
  Generating ../../output/data/svg/arrows/Arrow_04.svg
  Generating ../../output/data/svg/arrows/Arrow_05.svg
  Generating ../../output/data/svg/arrows/Arrow_06.svg
  Generating ../../output/data/svg/arrows/NorthArrow_01.svg
  Generating ../../output/data/svg/arrows/NorthArrow_02.svg
  Generating ../../output/data/svg/arrows/NorthArrow_03.svg
  Generating ../../output/data/svg/arrows/NorthArrow_04.svg
  Generating ../../output/data/svg/arrows/NorthArrow_05.svg
  Generating ../../output/data/svg/arrows/NorthArrow_06.svg
  Generating ../../output/data/svg/arrows/NorthArrow_07.svg
  Generating ../../output/data/svg/arrows/NorthArrow_08.svg
  Generating ../../output/data/svg/arrows/NorthArrow_09.svg
  Generating ../../output/data/svg/arrows/NorthArrow_10.svg
  Generating ../../output/data/svg/arrows/NorthArrow_11.svg
  Generating ../../output/data/svg/backgrounds/background_circle.svg
  Generating ../../output/data/svg/backgrounds/background_forbidden.svg
  Generating ../../output/data/svg/backgrounds/background_octogon.svg
  Generating ../../output/data/svg/backgrounds/background_safety.svg
  Generating ../../output/data/svg/backgrounds/background_security.svg
  Generating ../../output/data/svg/backgrounds/background_security_02.svg
  Generating ../../output/data/svg/backgrounds/background_square.svg
  Generating ../../output/data/svg/backgrounds/background_square_rounded.svg
  Generating ../../output/data/svg/backgrounds/background_tilted_square.svg
  Generating ../../output/data/svg/backgrounds/background_tilted_square_rounded.svg
  Generating ../../output/data/svg/backgrounds/background_triangle.svg
  Generating ../../output/data/svg/components/component_indoor.svg
  Generating ../../output/data/svg/crosses/Cross1.svg
  Generating ../../output/data/svg/crosses/Cross2.svg
  Generating ../../output/data/svg/crosses/Cross4.svg
  Generating ../../output/data/svg/crosses/Cross5.svg
  Generating ../../output/data/svg/crosses/Cross6.svg
  Generating ../../output/data/svg/crosses/Star1.svg
  Generating ../../output/data/svg/crosses/Star2.svg
  Generating ../../output/data/svg/crosses/Star3.svg
  Generating ../../output/data/svg/emergency/amenity=fire_station.svg
  Generating ../../output/data/svg/emergency/amenity=hospital.svg
  Generating ../../output/data/svg/emergency/amenity=police.svg
  Generating ../../output/data/svg/entertainment/amenity=bar.svg
  Generating ../../output/data/svg/entertainment/amenity=cafe.svg
  Generating ../../output/data/svg/entertainment/amenity=cinema.svg
  Generating ../../output/data/svg/entertainment/amenity=fast_food.svg
  Generating ../../output/data/svg/entertainment/amenity=pub.svg
  Generating ../../output/data/svg/entertainment/amenity=restaurant.svg
  Generating ../../output/data/svg/entertainment/amenity=theatre.svg
  Generating ../../output/data/svg/food/food_bar.svg
  Generating ../../output/data/svg/food/food_cafe.svg
  Generating ../../output/data/svg/food/food_drinkingtap.svg
  Generating ../../output/data/svg/food/food_fastfood.svg
  Generating ../../output/data/svg/food/food_fastfood2.svg
  Generating ../../output/data/svg/food/food_pub.svg
  Generating ../../output/data/svg/food/food_restaurant.svg
  Generating ../../output/data/svg/gpsicons/anchor.svg
  Generating ../../output/data/svg/gpsicons/bank.svg
  Generating ../../output/data/svg/gpsicons/boat.svg
  Generating ../../output/data/svg/gpsicons/camera.svg
  Generating ../../output/data/svg/gpsicons/car.svg
  Generating ../../output/data/svg/gpsicons/city_building.svg
  Generating ../../output/data/svg/gpsicons/city_large.svg
  Generating ../../output/data/svg/gpsicons/city_medium.svg
  Generating ../../output/data/svg/gpsicons/city_small.svg
  Generating ../../output/data/svg/gpsicons/conveneince.svg
  Generating ../../output/data/svg/gpsicons/couple.svg
  Generating ../../output/data/svg/gpsicons/cross.svg
  Generating ../../output/data/svg/gpsicons/deer.svg
  Generating ../../output/data/svg/gpsicons/dollar.svg
  Generating ../../output/data/svg/gpsicons/fish.svg
  Generating ../../output/data/svg/gpsicons/flag.svg
  Generating ../../output/data/svg/gpsicons/food.svg
  Generating ../../output/data/svg/gpsicons/gas.svg
  Generating ../../output/data/svg/gpsicons/golf.svg
  Generating ../../output/data/svg/gpsicons/h.svg
  Generating ../../output/data/svg/gpsicons/house.svg
  Generating ../../output/data/svg/gpsicons/parachute.svg
  Generating ../../output/data/svg/gpsicons/parking.svg
  Generating ../../output/data/svg/gpsicons/phone.svg
  Generating ../../output/data/svg/gpsicons/plane.svg
  Generating ../../output/data/svg/gpsicons/plane_orange.svg
  Generating ../../output/data/svg/gpsicons/point.svg
  Generating ../../output/data/svg/gpsicons/question.svg
  Generating ../../output/data/svg/gpsicons/shipwreck.svg
  Generating ../../output/data/svg/gpsicons/skier.svg
  Generating ../../output/data/svg/gpsicons/skull.svg
  Generating ../../output/data/svg/gpsicons/swimmer.svg
  Generating ../../output/data/svg/gpsicons/table.svg
  Generating ../../output/data/svg/gpsicons/teepee.svg
  Generating ../../output/data/svg/gpsicons/tree.svg
  Generating ../../output/data/svg/gpsicons/walker.svg
  Generating ../../output/data/svg/gpsicons/waypoint.svg
  Generating ../../output/data/svg/health/health_dentist.svg
  Generating ../../output/data/svg/health/health_doctors.svg
  Generating ../../output/data/svg/health/health_hospital.svg
  Generating ../../output/data/svg/health/health_hospital_emergency.svg
  Generating ../../output/data/svg/health/health_hospital_emergency2.svg
  Generating ../../output/data/svg/health/health_opticians.svg
  Generating ../../output/data/svg/health/health_pharmacy.svg
  Generating ../../output/data/svg/health/health_veterinary.svg
  Generating ../../output/data/svg/landmark/amenity=place_of_worship.svg
  Generating ../../output/data/svg/landmark/amenity=school.svg
  Generating ../../output/data/svg/landmark/religion=buddhist.svg
  Generating ../../output/data/svg/landmark/religion=christian.svg
  Generating ../../output/data/svg/landmark/religion=hindu.svg
  Generating ../../output/data/svg/landmark/religion=jewish.svg
  Generating ../../output/data/svg/landmark/religion=muslim.svg
  Generating ../../output/data/svg/landmark/religion=pastafarian.svg
  Generating ../../output/data/svg/landmark/religion=sikh.svg
  Generating ../../output/data/svg/landmark/tourism=museum.svg
  Generating ../../output/data/svg/money/money_atm.svg
  Generating ../../output/data/svg/money/money_atm2.svg
  Generating ../../output/data/svg/money/money_bank2.svg
  Generating ../../output/data/svg/money/money_currency_exchange.svg
  Generating ../../output/data/svg/religion/place_of_worship.svg
  Generating ../../output/data/svg/religion/place_of_worship_bahai.svg
  Generating ../../output/data/svg/religion/place_of_worship_bahai3.svg
  Generating ../../output/data/svg/religion/place_of_worship_buddhist.svg
  Generating ../../output/data/svg/religion/place_of_worship_buddhist3.svg
  Generating ../../output/data/svg/religion/place_of_worship_christian.svg
  Generating ../../output/data/svg/religion/place_of_worship_christian3.svg
  Generating ../../output/data/svg/religion/place_of_worship_hindu.svg
  Generating ../../output/data/svg/religion/place_of_worship_hindu3.svg
  Generating ../../output/data/svg/religion/place_of_worship_islamic.svg
  Generating ../../output/data/svg/religion/place_of_worship_islamic3.svg
  Generating ../../output/data/svg/religion/place_of_worship_jain.svg
  Generating ../../output/data/svg/religion/place_of_worship_jain3.svg
  Generating ../../output/data/svg/religion/place_of_worship_jewish.svg
  Generating ../../output/data/svg/religion/place_of_worship_jewish3.svg
  Generating ../../output/data/svg/religion/place_of_worship_pastafarian.svg
  Generating ../../output/data/svg/religion/place_of_worship_shinto.svg
  Generating ../../output/data/svg/religion/place_of_worship_shinto3.svg
  Generating ../../output/data/svg/religion/place_of_worship_sikh.svg
  Generating ../../output/data/svg/religion/place_of_worship_sikh3.svg
  Generating ../../output/data/svg/religion/place_of_worship_unknown3.svg
  Generating ../../output/data/svg/services/amenity=atm.svg
  Generating ../../output/data/svg/services/amenity=pharmacy,dispensing=yes.svg
  Generating ../../output/data/svg/services/amenity=pharmacy.svg
  Generating ../../output/data/svg/services/amenity=post_box.svg
  Generating ../../output/data/svg/services/amenity=recycling.svg
  Generating ../../output/data/svg/services/amenity=telephone.svg
  Generating ../../output/data/svg/services/shop=convenience.svg
  Generating ../../output/data/svg/services/shop=supermarket.svg
  Generating ../../output/data/svg/services/tourism=hotel.svg
  Generating ../../output/data/svg/shopping/shopping_alcohol.svg
  Generating ../../output/data/svg/shopping/shopping_bakery.svg
  Generating ../../output/data/svg/shopping/shopping_bicycle.svg
  Generating ../../output/data/svg/shopping/shopping_book.svg
  Generating ../../output/data/svg/shopping/shopping_butcher.svg
  Generating ../../output/data/svg/shopping/shopping_car.svg
  Generating ../../output/data/svg/shopping/shopping_car_repair.svg
  Generating ../../output/data/svg/shopping/shopping_clothes.svg
  Generating ../../output/data/svg/shopping/shopping_confectionery.svg
  Generating ../../output/data/svg/shopping/shopping_convenience.svg
  Generating ../../output/data/svg/shopping/shopping_diy.svg
  Generating ../../output/data/svg/shopping/shopping_estateagent.svg
  Generating ../../output/data/svg/shopping/shopping_estateagent2.svg
  Generating ../../output/data/svg/shopping/shopping_fish.svg
  Generating ../../output/data/svg/shopping/shopping_garden_centre.svg
  Generating ../../output/data/svg/shopping/shopping_gift.svg
  Generating ../../output/data/svg/shopping/shopping_greengrocer.svg
  Generating ../../output/data/svg/shopping/shopping_hairdresser.svg
  Generating ../../output/data/svg/shopping/shopping_hifi.svg
  Generating ../../output/data/svg/shopping/shopping_jewelry.svg
  Generating ../../output/data/svg/shopping/shopping_laundrette.svg
  Generating ../../output/data/svg/shopping/shopping_mobile_phone.svg
  Generating ../../output/data/svg/shopping/shopping_motorcycle.svg
  Generating ../../output/data/svg/shopping/shopping_music.svg
  Generating ../../output/data/svg/shopping/shopping_pet.svg
  Generating ../../output/data/svg/shopping/shopping_pet2.svg
  Generating ../../output/data/svg/shopping/shopping_photo.svg
  Generating ../../output/data/svg/shopping/shopping_supermarket.svg
  Generating ../../output/data/svg/shopping/shopping_tackle.svg
  Generating ../../output/data/svg/shopping/shopping_video_rental.svg
  Generating ../../output/data/svg/sport/sport_archery.svg
  Generating ../../output/data/svg/sport/sport_baseball.svg
  Generating ../../output/data/svg/sport/sport_cricket.svg
  Generating ../../output/data/svg/sport/sport_diving.svg
  Generating ../../output/data/svg/sport/sport_golf.svg
  Generating ../../output/data/svg/sport/sport_gym.svg
  Generating ../../output/data/svg/sport/sport_gymnasium.svg
  Generating ../../output/data/svg/sport/sport_gymnasium2.svg
  Generating ../../output/data/svg/sport/sport_hillclimbing.svg
  Generating ../../output/data/svg/sport/sport_horse_racing.svg
  Generating ../../output/data/svg/sport/sport_iceskating.svg
  Generating ../../output/data/svg/sport/sport_jetski.svg
  Generating ../../output/data/svg/sport/sport_leisure_centre.svg
  Generating ../../output/data/svg/sport/sport_motorracing.svg
  Generating ../../output/data/svg/sport/sport_playground.svg
  Generating ../../output/data/svg/sport/sport_sailing.svg
  Generating ../../output/data/svg/sport/sport_skiing_crosscountry.svg
  Generating ../../output/data/svg/sport/sport_skiing_downhill.svg
  Generating ../../output/data/svg/sport/sport_snooker.svg
  Generating ../../output/data/svg/sport/sport_soccer.svg
  Generating ../../output/data/svg/sport/sport_swimming_indoor.svg
  Generating ../../output/data/svg/sport/sport_swimming_outdoor.svg
  Generating ../../output/data/svg/sport/sport_tennis.svg
  Generating ../../output/data/svg/sport/sport_windsurfing.svg
  Generating ../../output/data/svg/symbol/blue-marker.svg
  Generating ../../output/data/svg/symbol/disability_accessibility.svg
  Generating ../../output/data/svg/symbol/disability_accessibility2.svg
  Generating ../../output/data/svg/symbol/disability_lowvision.svg
  Generating ../../output/data/svg/symbol/education_nursery.svg
  Generating ../../output/data/svg/symbol/education_school.svg
  Generating ../../output/data/svg/symbol/education_university.svg
  Generating ../../output/data/svg/symbol/fountain.svg
  Generating ../../output/data/svg/symbol/landuse_coniferous.svg
  Generating ../../output/data/svg/symbol/landuse_coniferous_and_deciduous.svg
  Generating ../../output/data/svg/symbol/landuse_deciduous.svg
  Generating ../../output/data/svg/symbol/landuse_grass.svg
  Generating ../../output/data/svg/symbol/landuse_hills.svg
  Generating ../../output/data/svg/symbol/landuse_quary.svg
  Generating ../../output/data/svg/symbol/landuse_scrub.svg
  Generating ../../output/data/svg/symbol/landuse_swamp.svg
  Generating ../../output/data/svg/symbol/poi_boundary_administrative.svg
  Generating ../../output/data/svg/symbol/poi_cave.svg
  Generating ../../output/data/svg/symbol/poi_embassy.svg
  Generating ../../output/data/svg/symbol/poi_embassy2.svg
  Generating ../../output/data/svg/symbol/poi_military_bunker.svg
  Generating ../../output/data/svg/symbol/poi_mine.svg
  Generating ../../output/data/svg/symbol/poi_mine_abandoned.svg
  Generating ../../output/data/svg/symbol/poi_peak.svg
  Generating ../../output/data/svg/symbol/poi_place_city.svg
  Generating ../../output/data/svg/symbol/poi_place_town.svg
  Generating ../../output/data/svg/symbol/poi_place_village.svg
  Generating ../../output/data/svg/symbol/poi_point_of_interest.svg
  Generating ../../output/data/svg/symbol/poi_tower_communications.svg
  Generating ../../output/data/svg/symbol/poi_tower_power.svg
  Generating ../../output/data/svg/symbol/poi_tower_water.svg
  Generating ../../output/data/svg/symbol/red-marker.svg
  Generating ../../output/data/svg/symbol/water_tower.svg
  Generating ../../output/data/svg/tourist/tourist_archaeological.svg
  Generating ../../output/data/svg/tourist/tourist_archaeological2.svg
  Generating ../../output/data/svg/tourist/tourist_art_gallery.svg
  Generating ../../output/data/svg/tourist/tourist_art_gallery2.svg
  Generating ../../output/data/svg/tourist/tourist_battlefield.svg
  Generating ../../output/data/svg/tourist/tourist_beach.svg
  Generating ../../output/data/svg/tourist/tourist_casino.svg
  Generating ../../output/data/svg/tourist/tourist_castle.svg
  Generating ../../output/data/svg/tourist/tourist_cinema.svg
  Generating ../../output/data/svg/tourist/tourist_cinema2.svg
  Generating ../../output/data/svg/tourist/tourist_fountain.svg
  Generating ../../output/data/svg/tourist/tourist_memorial.svg
  Generating ../../output/data/svg/tourist/tourist_monument.svg
  Generating ../../output/data/svg/tourist/tourist_museum.svg
  Generating ../../output/data/svg/tourist/tourist_picnic.svg
  Generating ../../output/data/svg/tourist/tourist_ruin.svg
  Generating ../../output/data/svg/tourist/tourist_steam_train.svg
  Generating ../../output/data/svg/tourist/tourist_theatre.svg
  Generating ../../output/data/svg/tourist/tourist_view_point.svg
  Generating ../../output/data/svg/tourist/tourist_waterwheel.svg
  Generating ../../output/data/svg/tourist/tourist_windmill.svg
  Generating ../../output/data/svg/tourist/tourist_wreck.svg
  Generating ../../output/data/svg/tourist/tourist_zoo.svg
  Generating ../../output/data/svg/tourist/tourisum_fountain.svg
  Generating ../../output/data/svg/transport/amenity=airport.svg
  Generating ../../output/data/svg/transport/amenity=ferry_terminal.svg
  Generating ../../output/data/svg/transport/amenity=parking.svg
  Generating ../../output/data/svg/transport/amenity=taxi.svg
  Generating ../../output/data/svg/transport/barrier_bollard.svg
  Generating ../../output/data/svg/transport/barrier_enterance.svg
  Generating ../../output/data/svg/transport/barrier_gate.svg
  Generating ../../output/data/svg/transport/barrier_lift_gate.svg
  Generating ../../output/data/svg/transport/barrier_stile.svg
  Generating ../../output/data/svg/transport/barrier_toll_booth.svg
  Generating ../../output/data/svg/transport/highway=bus_stop.svg
  Generating ../../output/data/svg/transport/railway=station.svg
  Generating ../../output/data/svg/transport/transport_aerodrome.svg
  Generating ../../output/data/svg/transport/transport_aerodrome2.svg
  Generating ../../output/data/svg/transport/transport_airport.svg
  Generating ../../output/data/svg/transport/transport_airport2.svg
  Generating ../../output/data/svg/transport/transport_bus_station.svg
  Generating ../../output/data/svg/transport/transport_bus_stop.svg
  Generating ../../output/data/svg/transport/transport_bus_stop2.svg
  Generating ../../output/data/svg/transport/transport_car_share.svg
  Generating ../../output/data/svg/transport/transport_ford.svg
  Generating ../../output/data/svg/transport/transport_fuel.svg
  Generating ../../output/data/svg/transport/transport_fuel_lpg.svg
  Generating ../../output/data/svg/transport/transport_helicopter.svg
  Generating ../../output/data/svg/transport/transport_lighthouse.svg
  Generating ../../output/data/svg/transport/transport_marina.svg
  Generating ../../output/data/svg/transport/transport_parking.svg
  Generating ../../output/data/svg/transport/transport_parking_bicycle.svg
  Generating ../../output/data/svg/transport/transport_parking_car.svg
  Generating ../../output/data/svg/transport/transport_parking_car_paid.svg
  Generating ../../output/data/svg/transport/transport_parking_disabled.svg
  Generating ../../output/data/svg/transport/transport_parking_private.svg
  Generating ../../output/data/svg/transport/transport_parking_private2.svg
  Generating ../../output/data/svg/transport/transport_parking_private3.svg
  Generating ../../output/data/svg/transport/transport_port.svg
  Generating ../../output/data/svg/transport/transport_rental_bicycle.svg
  Generating ../../output/data/svg/transport/transport_rental_car.svg
  Generating ../../output/data/svg/transport/transport_roundabout_anticlockwise.svg
  Generating ../../output/data/svg/transport/transport_roundabout_clockwise.svg
  Generating ../../output/data/svg/transport/transport_taxi_rank.svg
  Generating ../../output/data/svg/transport/transport_traffic_lights.svg
  Generating ../../output/data/svg/transport/transport_train_station.svg
  Generating ../../output/data/svg/transport/transport_train_station2.svg
  Generating ../../output/data/svg/transport/transport_tram_stop.svg
  Generating ../../output/data/svg/wind_roses/WindRose_01.svg
  Generating ../../output/data/svg/wind_roses/WindRose_02.svg
  Building Custom Rule D:/Workspace/qgis/qgis-pure/images/svg/CMakeLists.txt
  CMake is re-running because D:/Workspace/qgis/qgis-pure/images/svg/CMakeFiles/generate.stamp is out-of-date.
    the file 'D:/Workspace/qgis/qgis-pure/cmake/CopyResources.cmake'
    is newer than 'D:/Workspace/qgis/qgis-pure/images/svg/CMakeFiles/generate.stamp.depend'
    result='0'
  -- The C compiler identification is unknown
  -- The CXX compiler identification is unknown
  CMake Error at CMakeLists.txt:23 (project):
    No CMAKE_C_COMPILER could be found.
  
  
  
  CMake Error at CMakeLists.txt:23 (project):
    No CMAKE_CXX_COMPILER could be found.
  
  
  
  -- Configuring incomplete, errors occurred!
  See also "D:/Workspace/qgis/qgis-pure/CMakeFiles/CMakeOutput.log".
  See also "D:/Workspace/qgis/qgis-pure/CMakeFiles/CMakeError.log".
D:\Program Files (x86)\Microsoft Visual Studio\2017\Community\Common7\IDE\VC\VCTargets\Microsoft.CppCommon.targets(209,5): error MSB6006: “cmd.exe”已退出，代码为 1。
