d:\workspace\geograph-master\src\x64\release\meerkat_vector2.obj
d:\workspace\geograph-master\src\x64\release\minglemathutils.obj
d:\workspace\geograph-master\src\x64\release\ggsnodeproxy.obj
d:\workspace\geograph-master\src\x64\release\ggsbackbonedialog.obj
d:\workspace\geograph-master\src\x64\release\ggslwointeraction.obj
d:\workspace\geograph-master\src\x64\release\ggsbackbone.obj
d:\workspace\geograph-master\src\x64\release\ggsfdebwidget.obj
d:\workspace\geograph-master\src\x64\release\ggsgraphlegendwidget.obj
d:\workspace\geograph-master\src\x64\release\ggsminglebundler.obj
d:\workspace\geograph-master\src\x64\release\ggsoddataimportdialog.obj
d:\workspace\geograph-master\src\x64\release\ggscluster.obj
d:\workspace\geograph-master\src\x64\release\ggsminglegraph.obj
d:\workspace\geograph-master\src\x64\release\ggsedgeproxy.obj
d:\workspace\geograph-master\src\x64\release\ggsgraphmaptoolselectutils.obj
d:\workspace\geograph-master\src\x64\release\ggskdeebbundler.obj
d:\workspace\geograph-master\src\x64\release\ggsgraphlayerbuilder.obj
d:\workspace\geograph-master\src\x64\release\ggskcoredialog.obj
d:\workspace\geograph-master\src\x64\release\ggsfdebgraph.obj
d:\workspace\geograph-master\src\x64\release\ggsgraphproxy.obj
d:\workspace\geograph-master\src\x64\release\ggsaggregation.obj
d:\workspace\geograph-master\src\x64\release\ggsgraphstatistic.obj
d:\workspace\geograph-master\src\x64\release\meerkat_logger.obj
d:\workspace\geograph-master\src\x64\release\ggsminglenode.obj
d:\workspace\geograph-master\src\x64\release\ggscsvgraphimportdialog.obj
d:\workspace\geograph-master\src\x64\release\ggsentropyweight.obj
d:\workspace\geograph-master\src\x64\release\ggsclusterdialog.obj
d:\workspace\geograph-master\src\x64\release\ggsfdebedge.obj
d:\workspace\geograph-master\src\x64\release\ggsminglerendercontext.obj
d:\workspace\geograph-master\src\x64\release\ggsminglewidget.obj
d:\workspace\geograph-master\src\x64\release\ggsmapthemes.obj
d:\workspace\geograph-master\src\x64\release\ggsmingleedge.obj
d:\workspace\geograph-master\src\x64\release\ggsbeziercurve.obj
d:\workspace\geograph-master\src\x64\release\ggscsvparser.obj
d:\workspace\geograph-master\src\x64\release\ggsgraphmaptoolselect.obj
d:\workspace\geograph-master\src\x64\release\ggspython.obj
d:\workspace\geograph-master\src\x64\release\ggsfdebnode.obj
d:\workspace\geograph-master\src\x64\release\ggsminglekdtree.obj
d:\workspace\geograph-master\src\x64\release\ggsgraphproject.obj
d:\workspace\geograph-master\src\x64\release\ggslayertreeviewmenuprovider.obj
d:\workspace\geograph-master\src\x64\release\ggskdeebwidget.obj
d:\workspace\geograph-master\src\x64\release\ggsgraphmaptoolselectionhandler.obj
d:\workspace\geograph-master\src\x64\release\main.obj
d:\workspace\geograph-master\src\x64\release\rcc\qrc_images.cpp
d:\workspace\geograph-master\src\x64\release\moc\moc_ggsapp.cpp
d:\workspace\geograph-master\src\x64\release\moc\moc_ggsmapthemes.cpp
d:\workspace\geograph-master\src\x64\release\moc\moc_ggslayertreeviewmenuprovider.cpp
d:\workspace\geograph-master\src\x64\release\moc\moc_ggscsvgraphimportdialog.cpp
d:\workspace\geograph-master\src\x64\release\moc\moc_ggskcoredialog.cpp
d:\workspace\geograph-master\src\x64\release\moc\moc_ggsbackbonedialog.cpp
d:\workspace\geograph-master\src\x64\release\moc\moc_ggsclusterdialog.cpp
d:\workspace\geograph-master\src\x64\release\moc\moc_ggslwointeraction.cpp
d:\workspace\geograph-master\src\x64\release\moc\moc_ggsgraphproxy.cpp
d:\workspace\geograph-master\src\x64\release\moc\moc_ggsgraphproject.cpp
d:\workspace\geograph-master\src\x64\release\moc\moc_ggsgraphmaptoolselectionhandler.cpp
d:\workspace\geograph-master\src\x64\release\moc\moc_ggsgraphmaptoolselect.cpp
d:\workspace\geograph-master\src\x64\release\moc\moc_ggsgraphlegendwidget.cpp
d:\workspace\geograph-master\src\x64\release\moc\moc_ggsminglebundler.cpp
d:\workspace\geograph-master\src\x64\release\moc\moc_ggskdeebbundler.cpp
d:\workspace\geograph-master\src\x64\release\moc\moc_ggskdeebwidget.cpp
d:\workspace\geograph-master\src\x64\release\moc\moc_ggsfdebwidget.cpp
d:\workspace\geograph-master\src\x64\release\moc\moc_ggsminglewidget.cpp
d:\workspace\geograph-master\src\x64\release\uic\ui_ggsapp.h
d:\workspace\geograph-master\src\x64\release\uic\ui_ggsbackbonedialog.h
d:\workspace\geograph-master\src\x64\release\uic\ui_ggscsvgraphimportdialog.h
d:\workspace\geograph-master\src\x64\release\uic\ui_ggsfdebwidget.h
d:\workspace\geograph-master\src\x64\release\uic\ui_ggsgraphlegendwidget.h
d:\workspace\geograph-master\src\x64\release\uic\ui_ggskcoredialog.h
d:\workspace\geograph-master\src\x64\release\uic\ui_ggskdeebwidget.h
d:\workspace\geograph-master\src\x64\release\uic\ui_ggsminglewidget.h
d:\workspace\geograph-master\src\x64\release\uic\ui_ggsoddatadialog.h
d:\workspace\geograph-master\src\x64\release\uic\ui_ggsclusterdialog.h
d:\workspace\geograph-master\src\x64\release\geograph.tlog\cl.105560.write.1.tlog
d:\workspace\geograph-master\src\x64\release\geograph.tlog\cl.command.1.tlog
d:\workspace\geograph-master\src\x64\release\geograph.tlog\cl.read.1.tlog
d:\workspace\geograph-master\src\x64\release\geograph.tlog\geograph.write.1u.tlog
d:\workspace\geograph-master\src\x64\release\geograph.tlog\moc.read.1u.tlog
d:\workspace\geograph-master\src\x64\release\geograph.tlog\moc.write.1u.tlog
d:\workspace\geograph-master\src\x64\release\geograph.tlog\rcc.read.1u.tlog
d:\workspace\geograph-master\src\x64\release\geograph.tlog\rcc.write.1u.tlog
d:\workspace\geograph-master\src\x64\release\geograph.tlog\uic.read.1u.tlog
d:\workspace\geograph-master\src\x64\release\geograph.tlog\uic.write.1u.tlog
