d:\workspace\graphbundling-master\src\x64\release\moc_kdeebbundler.obj
d:\workspace\graphbundling-master\src\x64\release\moc_mapthemes.obj
d:\workspace\graphbundling-master\src\x64\release\moc_graphbundling.obj
d:\workspace\graphbundling-master\src\x64\release\moc_minglebundler.obj
d:\workspace\graphbundling-master\src\x64\release\moc_graphproject.obj
d:\workspace\graphbundling-master\src\x64\release\moc_beziercurve.obj
d:\workspace\graphbundling-master\src\x64\release\moc_graphproxy.obj
d:\workspace\graphbundling-master\src\x64\release\moc_minglewidget.obj
d:\workspace\graphbundling-master\src\x64\release\moc_kdeebwidget.obj
d:\workspace\graphbundling-master\src\x64\release\qrc_images.obj
d:\workspace\graphbundling-master\src\x64\release\moc_fdebwidget.obj
d:\workspace\graphbundling-master\src\x64\release\moc_csvgraphimportdialog.obj
d:\workspace\graphbundling-master\src\x64\release\moc_layertreeviewmenuprovider.obj
d:\workspace\graphbundling-master\src\x64\release\beziercurve.obj
d:\workspace\graphbundling-master\src\x64\release\edgeproxy.obj
d:\workspace\graphbundling-master\src\x64\release\fdebnode.obj
d:\workspace\graphbundling-master\src\x64\release\nodeproxy.obj
d:\workspace\graphbundling-master\src\x64\release\graphbundling.obj
d:\workspace\graphbundling-master\src\x64\release\mingleedge.obj
d:\workspace\graphbundling-master\src\x64\release\csvparser.obj
d:\workspace\graphbundling-master\src\x64\release\layertreeviewmenuprovider.obj
d:\workspace\graphbundling-master\src\x64\release\fdebwidget.obj
d:\workspace\graphbundling-master\src\x64\release\minglebundler.obj
d:\workspace\graphbundling-master\src\x64\release\minglekdtree.obj
d:\workspace\graphbundling-master\src\x64\release\minglenode.obj
d:\workspace\graphbundling-master\src\x64\release\graphlegendwidget.obj
d:\workspace\graphbundling-master\src\x64\release\mapthemes.obj
d:\workspace\graphbundling-master\src\x64\release\fdebedge.obj
d:\workspace\graphbundling-master\src\x64\release\csvgraphimportdialog.obj
d:\workspace\graphbundling-master\src\x64\release\meerkat_logger.obj
d:\workspace\graphbundling-master\src\x64\release\minglerendercontext.obj
d:\workspace\graphbundling-master\src\x64\release\minglewidget.obj
d:\workspace\graphbundling-master\src\x64\release\fdebgraph.obj
d:\workspace\graphbundling-master\src\x64\release\graphlayerbuilder.obj
d:\workspace\graphbundling-master\src\x64\release\minglegraph.obj
d:\workspace\graphbundling-master\src\x64\release\graphproject.obj
d:\workspace\graphbundling-master\src\x64\release\kdeebwidget.obj
d:\workspace\graphbundling-master\src\x64\release\main.obj
d:\workspace\graphbundling-master\src\x64\release\meerkat_vector2.obj
d:\workspace\graphbundling-master\src\x64\release\minglemathutils.obj
d:\workspace\graphbundling-master\src\x64\release\graphproxy.obj
d:\workspace\graphbundling-master\src\x64\release\kdeebbundler.obj
d:\workspace\graphbundling-master\src\x64\release\moc_graphlegendwidget.obj
d:\workspace\graphbundling-master\src\x64\release\uic\ui_csvgraphimportdialog.h
d:\workspace\graphbundling-master\src\x64\release\uic\ui_fdebwidget.h
d:\workspace\graphbundling-master\src\x64\release\uic\ui_graphbundling.h
d:\workspace\graphbundling-master\src\x64\release\uic\ui_graphlegendwidget.h
d:\workspace\graphbundling-master\src\x64\release\uic\ui_kdeebwidget.h
d:\workspace\graphbundling-master\src\x64\release\uic\ui_minglewidget.h
d:\workspace\graphbundling-master\src\x64\release\rcc\qrc_images.cpp
d:\workspace\graphbundling-master\src\x64\release\moc\moc_graphbundling.cpp
d:\workspace\graphbundling-master\src\x64\release\moc\moc_mapthemes.cpp
d:\workspace\graphbundling-master\src\x64\release\moc\moc_layertreeviewmenuprovider.cpp
d:\workspace\graphbundling-master\src\x64\release\moc\moc_csvgraphimportdialog.cpp
d:\workspace\graphbundling-master\src\x64\release\moc\moc_beziercurve.cpp
d:\workspace\graphbundling-master\src\x64\release\moc\moc_minglebundler.cpp
d:\workspace\graphbundling-master\src\x64\release\moc\moc_kdeebbundler.cpp
d:\workspace\graphbundling-master\src\x64\release\moc\moc_kdeebwidget.cpp
d:\workspace\graphbundling-master\src\x64\release\moc\moc_fdebwidget.cpp
d:\workspace\graphbundling-master\src\x64\release\moc\moc_minglewidget.cpp
d:\workspace\graphbundling-master\src\x64\release\moc\moc_graphproject.cpp
d:\workspace\graphbundling-master\src\x64\release\moc\moc_graphproxy.cpp
d:\workspace\graphbundling-master\bin\release\graphbundling.lib
d:\workspace\graphbundling-master\bin\release\graphbundling.exp
d:\workspace\graphbundling-master\src\x64\release\moc\moc_graphlegendwidget.cpp
d:\workspace\graphbundling-master\bin\release\graphbundling.exe
d:\workspace\graphbundling-master\src\..\bin\release\graphbundling.exe
d:\workspace\graphbundling-master\src\x64\release\graphbundling.tlog\cl.command.1.tlog
d:\workspace\graphbundling-master\src\x64\release\graphbundling.tlog\cl.read.1.tlog
d:\workspace\graphbundling-master\src\x64\release\graphbundling.tlog\cl.write.1.tlog
d:\workspace\graphbundling-master\src\x64\release\graphbundling.tlog\graphbundling.write.1u.tlog
d:\workspace\graphbundling-master\src\x64\release\graphbundling.tlog\link.command.1.tlog
d:\workspace\graphbundling-master\src\x64\release\graphbundling.tlog\link.read.1.tlog
d:\workspace\graphbundling-master\src\x64\release\graphbundling.tlog\link.write.1.tlog
d:\workspace\graphbundling-master\src\x64\release\graphbundling.tlog\moc.read.1u.tlog
d:\workspace\graphbundling-master\src\x64\release\graphbundling.tlog\moc.write.1u.tlog
d:\workspace\graphbundling-master\src\x64\release\graphbundling.tlog\rcc.read.1u.tlog
d:\workspace\graphbundling-master\src\x64\release\graphbundling.tlog\rcc.write.1u.tlog
d:\workspace\graphbundling-master\src\x64\release\graphbundling.tlog\uic.read.1u.tlog
d:\workspace\graphbundling-master\src\x64\release\graphbundling.tlog\uic.write.1u.tlog
