d:\workspace\graphbundling-master\src\x64\debug\fdebedge.obj
d:\workspace\graphbundling-master\src\x64\debug\nodeproxy.obj
d:\workspace\graphbundling-master\src\x64\debug\graphbundling.obj
d:\workspace\graphbundling-master\src\x64\debug\meerkat_vector2.obj
d:\workspace\graphbundling-master\src\x64\debug\minglekdtree.obj
d:\workspace\graphbundling-master\src\x64\debug\minglerendercontext.obj
d:\workspace\graphbundling-master\src\x64\debug\minglewidget.obj
d:\workspace\graphbundling-master\src\x64\debug\minglegraph.obj
d:\workspace\graphbundling-master\src\x64\debug\graphlayerbuilder.obj
d:\workspace\graphbundling-master\src\x64\debug\beziercurve.obj
d:\workspace\graphbundling-master\src\x64\debug\csvparser.obj
d:\workspace\graphbundling-master\src\x64\debug\graphlegendwgt.obj
d:\workspace\graphbundling-master\src\x64\debug\meerkat_logger.obj
d:\workspace\graphbundling-master\src\x64\debug\minglemathutils.obj
d:\workspace\graphbundling-master\src\x64\debug\graphproject.obj
d:\workspace\graphbundling-master\src\x64\debug\kdeebwidget.obj
d:\workspace\graphbundling-master\src\x64\debug\mapthemes.obj
d:\workspace\graphbundling-master\src\x64\debug\fdebwidget.obj
d:\workspace\graphbundling-master\src\x64\debug\main.obj
d:\workspace\graphbundling-master\src\x64\debug\fdebgraph.obj
d:\workspace\graphbundling-master\src\x64\debug\csvgraphimportdialog.obj
d:\workspace\graphbundling-master\src\x64\debug\kdeebbundler.obj
d:\workspace\graphbundling-master\src\x64\debug\layertreeviewmenuprovider.obj
d:\workspace\graphbundling-master\src\x64\debug\fdebnode.obj
d:\workspace\graphbundling-master\src\x64\debug\minglenode.obj
d:\workspace\graphbundling-master\src\x64\debug\graphproxy.obj
d:\workspace\graphbundling-master\src\x64\debug\mingleedge.obj
d:\workspace\graphbundling-master\src\x64\debug\edgeproxy.obj
d:\workspace\graphbundling-master\src\x64\debug\minglebundler.obj
d:\workspace\graphbundling-master\src\x64\debug\moc_csvgraphimportdialog.obj
d:\workspace\graphbundling-master\src\x64\debug\qrc_images.obj
d:\workspace\graphbundling-master\src\x64\debug\moc_minglewidget.obj
d:\workspace\graphbundling-master\src\x64\debug\moc_fdebwidget.obj
d:\workspace\graphbundling-master\src\x64\debug\moc_graphbundling.obj
d:\workspace\graphbundling-master\src\x64\debug\moc_kdeebbundler.obj
d:\workspace\graphbundling-master\src\x64\debug\moc_kdeebwidget.obj
d:\workspace\graphbundling-master\src\x64\debug\moc_beziercurve.obj
d:\workspace\graphbundling-master\src\x64\debug\moc_graphproject.obj
d:\workspace\graphbundling-master\src\x64\debug\moc_graphlegendwgt.obj
d:\workspace\graphbundling-master\src\x64\debug\moc_graphproxy.obj
d:\workspace\graphbundling-master\src\x64\debug\moc_minglebundler.obj
d:\workspace\graphbundling-master\src\x64\debug\moc_mapthemes.obj
d:\workspace\graphbundling-master\src\x64\debug\moc_layertreeviewmenuprovider.obj
d:\workspace\graphbundling-master\src\x64\debug\vc141.pdb
d:\workspace\graphbundling-master\src\x64\debug\graphlegendwidget.obj
d:\workspace\graphbundling-master\src\x64\debug\moc_graphlegendwidget.obj
d:\workspace\graphbundling-master\src\x64\debug\uic\ui_csvgraphimportdialog.h
d:\workspace\graphbundling-master\src\x64\debug\uic\ui_fdebwidget.h
d:\workspace\graphbundling-master\src\x64\debug\uic\ui_graphbundling.h
d:\workspace\graphbundling-master\src\x64\debug\uic\ui_graphlegendwidget.h
d:\workspace\graphbundling-master\src\x64\debug\uic\ui_kdeebwidget.h
d:\workspace\graphbundling-master\src\x64\debug\uic\ui_minglewidget.h
d:\workspace\graphbundling-master\src\x64\debug\rcc\qrc_images.cpp
d:\workspace\graphbundling-master\src\x64\debug\moc\moc_graphbundling.cpp
d:\workspace\graphbundling-master\src\x64\debug\moc\moc_mapthemes.cpp
d:\workspace\graphbundling-master\src\x64\debug\moc\moc_layertreeviewmenuprovider.cpp
d:\workspace\graphbundling-master\src\x64\debug\moc\moc_csvgraphimportdialog.cpp
d:\workspace\graphbundling-master\src\x64\debug\moc\moc_graphlegendwgt.cpp
d:\workspace\graphbundling-master\src\x64\debug\moc\moc_beziercurve.cpp
d:\workspace\graphbundling-master\src\x64\debug\moc\moc_minglebundler.cpp
d:\workspace\graphbundling-master\src\x64\debug\moc\moc_kdeebbundler.cpp
d:\workspace\graphbundling-master\src\x64\debug\moc\moc_kdeebwidget.cpp
d:\workspace\graphbundling-master\src\x64\debug\moc\moc_fdebwidget.cpp
d:\workspace\graphbundling-master\src\x64\debug\moc\moc_minglewidget.cpp
d:\workspace\graphbundling-master\src\x64\debug\moc\moc_graphproject.cpp
d:\workspace\graphbundling-master\src\x64\debug\moc\moc_graphproxy.cpp
d:\workspace\graphbundling-master\bin\debug\graphbundlingd.lib
d:\workspace\graphbundling-master\bin\debug\graphbundlingd.exp
d:\workspace\graphbundling-master\src\x64\debug\moc\moc_graphlegendwidget.cpp
d:\workspace\graphbundling-master\bin\debug\graphbundlingd.exe
d:\workspace\graphbundling-master\bin\debug\graphbundlingd.ilk
d:\workspace\graphbundling-master\bin\debug\graphbundlingd.pdb
d:\workspace\graphbundling-master\src\..\bin\debug\graphbundlingd.exe
d:\workspace\graphbundling-master\src\x64\debug\graphbundling.tlog\cl.command.1.tlog
d:\workspace\graphbundling-master\src\x64\debug\graphbundling.tlog\cl.read.1.tlog
d:\workspace\graphbundling-master\src\x64\debug\graphbundling.tlog\cl.write.1.tlog
d:\workspace\graphbundling-master\src\x64\debug\graphbundling.tlog\graphbundling.write.1u.tlog
d:\workspace\graphbundling-master\src\x64\debug\graphbundling.tlog\link.56264.delete.1.tlog
d:\workspace\graphbundling-master\src\x64\debug\graphbundling.tlog\link.85872.delete.1.tlog
d:\workspace\graphbundling-master\src\x64\debug\graphbundling.tlog\link.command.1.tlog
d:\workspace\graphbundling-master\src\x64\debug\graphbundling.tlog\link.read.1.tlog
d:\workspace\graphbundling-master\src\x64\debug\graphbundling.tlog\link.write.1.tlog
d:\workspace\graphbundling-master\src\x64\debug\graphbundling.tlog\moc.read.1u.tlog
d:\workspace\graphbundling-master\src\x64\debug\graphbundling.tlog\moc.write.1u.tlog
d:\workspace\graphbundling-master\src\x64\debug\graphbundling.tlog\rcc.read.1u.tlog
d:\workspace\graphbundling-master\src\x64\debug\graphbundling.tlog\rcc.write.1u.tlog
d:\workspace\graphbundling-master\src\x64\debug\graphbundling.tlog\uic.read.1u.tlog
d:\workspace\graphbundling-master\src\x64\debug\graphbundling.tlog\uic.write.1u.tlog
